Arguments: 
  /home/iauro/.nvm/versions/node/v16.20.1/bin/node /usr/bin/yarn install

PATH: 
  /home/iauro/.nvm/versions/node/v16.20.1/bin:/usr/local/sbin:/usr/local/bin:/usr/sbin:/usr/bin:/sbin:/bin:/usr/games:/usr/local/games:/snap/bin

Yarn version: 
  1.22.19

Node version: 
  16.20.1

Platform: 
  linux x64

Trace: 
  Error: getaddrinfo EAI_AGAIN registry.yarnpkg.com
      at GetAddrInfoReqWrap.onlookup [as oncomplete] (node:dns:109:26)

npm manifest: 
  {
    "name": "ep1-2",
    "version": "1.0.0",
    "description": "practice of episode 1 and 2",
    "main": "index.js",
    "scripts": {
      "test": "test"
    },
    "repository": {
      "type": "git",
      "url": "git+https://github.com/vishalkokane264/Namaste-React.git"
    },
    "author": "",
    "license": "ISC",
    "bugs": {
      "url": "https://github.com/vishalkokane264/Namaste-React/issues"
    },
    "homepage": "https://github.com/vishalkokane264/Namaste-React#readme",
    "dependencies": {
      "parcel": "^2.9.3",
      "react":"^18.0.2",
      "react-dom":"^18.0.2"
    }
  }

yarn manifest: 
  No manifest

Lockfile: 
  No lockfile
